0 verbose cli /usr/local/bin/node /usr/local/lib/node_modules/npm/bin/npm-cli.js
1 info using npm@11.6.2
2 info using node@v24.12.0
3 silly config load:file:/usr/local/lib/node_modules/npm/npmrc
4 silly config load:file:/Users/kunstdesign/Documents/cotizador_kunst/sitio/.npmrc
5 silly config load:file:/Users/kunstdesign/.npmrc
6 silly config load:file:/usr/local/etc/npmrc
7 verbose title npm exec vercel --prod
8 verbose argv "exec" "--" "vercel" "--prod"
9 verbose logfile logs-max:10 dir:/Users/kunstdesign/Documents/cotizador_kunst/sitio/.npm-cache/_logs/2025-12-18T06_28_25_292Z-
10 verbose logfile /Users/kunstdesign/Documents/cotizador_kunst/sitio/.npm-cache/_logs/2025-12-18T06_28_25_292Z-debug-0.log
11 silly logfile done cleaning log files
12 silly packumentCache heap:4496293888 maxSize:1124073472 maxEntrySize:562036736
13 http fetch GET 200 https://registry.npmjs.org/npm 122ms
14 http fetch GET 200 https://registry.npmjs.org/vercel 127ms (cache miss)
15 silly packumentCache heap:4496293888 maxSize:1124073472 maxEntrySize:562036736
16 silly packumentCache heap:4496293888 maxSize:1124073472 maxEntrySize:562036736
17 verbose stack Error: canceled
17 verbose stack     at Interface.<anonymous> (/usr/local/lib/node_modules/npm/node_modules/read/dist/commonjs/read.js:89:21)
17 verbose stack     at Interface.emit (node:events:508:28)
17 verbose stack     at [_ttyWrite] [as _ttyWrite] (node:internal/readline/interface:1327:18)
17 verbose stack     at ReadStream.onkeypress (node:internal/readline/interface:284:20)
17 verbose stack     at ReadStream.emit (node:events:508:28)
17 verbose stack     at emitKeys (node:internal/readline/utils:371:14)
17 verbose stack     at emitKeys.next (<anonymous>)
17 verbose stack     at ReadStream.onData (node:internal/readline/emitKeypressEvents:64:36)
17 verbose stack     at ReadStream.emit (node:events:508:28)
17 verbose stack     at addChunk (node:internal/streams/readable:559:12)
18 error canceled
19 verbose cwd /Users/kunstdesign/Documents/cotizador_kunst/sitio
20 verbose os Darwin 24.6.0
21 verbose node v24.12.0
22 verbose npm  v11.6.2
23 notice
23 notice New [33mminor[39m version of npm available! [33m11.6.2[39m -> [34m11.7.0[39m
23 notice Changelog: [34mhttps://github.com/npm/cli/releases/tag/v11.7.0[39m
23 notice To update run: [4mnpm install -g npm@11.7.0[24m
23 notice  { force: true, Symbol(proc-log.meta): true }
24 verbose exit 1
25 verbose code 1
26 error A complete log of this run can be found in: /Users/kunstdesign/Documents/cotizador_kunst/sitio/.npm-cache/_logs/2025-12-18T06_28_25_292Z-debug-0.log
